10/30/2022 10:31:32 PM - UsersTests - INFO: Testing... 01
10/30/2022 10:31:40 PM - TestStatus - INFO: ### VERIFICATION SUCCESSFUL :: check google search engine opened 01
10/30/2022 10:31:40 PM - TestStatus - INFO: Verify google search engine 01
 ### TEST SUCCESSFUL ### 

10/30/2022 10:31:40 PM - UsersTests - INFO: Testing... 02
10/30/2022 10:31:46 PM - TestStatus - INFO: ### VERIFICATION SUCCESSFUL :: check google search engine opened 02
10/30/2022 10:31:46 PM - TestStatus - INFO: Verify google search engine 02
 ### TEST SUCCESSFUL ### 

10/30/2022 10:32:00 PM - UsersTests - INFO: Testing... 01
10/30/2022 10:32:09 PM - TestStatus - INFO: ### VERIFICATION SUCCESSFUL :: check google search engine opened 01
10/30/2022 10:32:09 PM - TestStatus - INFO: Verify google search engine 01
 ### TEST SUCCESSFUL ### 

10/30/2022 10:32:09 PM - UsersTests - INFO: Testing... 02
10/30/2022 10:32:15 PM - TestStatus - INFO: ### VERIFICATION SUCCESSFUL :: check google search engine opened 02
10/30/2022 10:32:15 PM - TestStatus - INFO: Verify google search engine 02
 ### TEST SUCCESSFUL ### 

10/30/2022 10:44:40 PM - UsersTests - INFO: Testing... 01
10/30/2022 10:44:49 PM - TestStatus - INFO: ### VERIFICATION SUCCESSFUL :: check google search engine opened 01
10/30/2022 10:44:49 PM - TestStatus - INFO: Verify google search engine 01
 ### TEST SUCCESSFUL ### 

10/30/2022 10:44:49 PM - UsersTests - INFO: Testing... 02
10/30/2022 10:44:55 PM - TestStatus - INFO: ### VERIFICATION SUCCESSFUL :: check google search engine opened 02
10/30/2022 10:44:55 PM - TestStatus - INFO: Verify google search engine 02
 ### TEST SUCCESSFUL ### 

10/30/2022 10:50:22 PM - UsersTests - INFO: Testing... 02
10/30/2022 10:50:31 PM - TestStatus - INFO: ### VERIFICATION SUCCESSFUL :: check google search engine opened 02
10/30/2022 10:50:31 PM - TestStatus - INFO: Verify google search engine 02
 ### TEST SUCCESSFUL ### 

10/30/2022 10:54:27 PM - UsersTests - INFO: Hellooo
10/30/2022 10:54:27 PM - UsersTests - INFO: Testing... 01
10/30/2022 10:54:35 PM - TestStatus - INFO: ### VERIFICATION SUCCESSFUL :: check google search engine opened 01
10/30/2022 10:54:35 PM - TestStatus - INFO: Verify google search engine 01
 ### TEST SUCCESSFUL ### 

10/30/2022 10:54:35 PM - UsersTests - INFO: Hellooo
10/30/2022 10:54:35 PM - UsersTests - INFO: Testing... 02
10/30/2022 10:54:41 PM - TestStatus - INFO: ### VERIFICATION SUCCESSFUL :: check google search engine opened 02
10/30/2022 10:54:41 PM - TestStatus - INFO: Verify google search engine 02
 ### TEST SUCCESSFUL ### 

10/30/2022 11:10:23 PM - UsersTests - INFO: Testing... 01
10/30/2022 11:10:33 PM - TestStatus - INFO: ### VERIFICATION SUCCESSFUL :: check google search engine opened 01
10/30/2022 11:10:33 PM - TestStatus - INFO: Verify google search engine 01
 ### TEST SUCCESSFUL ### 

10/30/2022 11:10:33 PM - UsersTests - INFO: Testing... 02
10/30/2022 11:10:39 PM - TestStatus - INFO: ### VERIFICATION SUCCESSFUL :: check google search engine opened 02
10/30/2022 11:10:39 PM - TestStatus - INFO: Verify google search engine 02
 ### TEST SUCCESSFUL ### 

10/30/2022 11:23:20 PM - UsersTests - INFO: Testing... 01
10/30/2022 11:23:28 PM - TestStatus - INFO: ### VERIFICATION SUCCESSFUL :: check google search engine opened 01
10/30/2022 11:23:28 PM - TestStatus - INFO: Verify google search engine 01
 ### TEST SUCCESSFUL ### 

10/30/2022 11:23:28 PM - UsersTests - INFO: Testing... 02
10/30/2022 11:23:34 PM - TestStatus - INFO: ### VERIFICATION SUCCESSFUL :: check google search engine opened 02
10/30/2022 11:23:34 PM - TestStatus - INFO: Verify google search engine 02
 ### TEST SUCCESSFUL ### 

10/30/2022 11:25:20 PM - UsersTests - INFO: Testing... 01
10/30/2022 11:25:28 PM - TestStatus - INFO: ### VERIFICATION SUCCESSFUL :: check google search engine opened 01
10/30/2022 11:25:28 PM - TestStatus - INFO: Verify google search engine 01
 ### TEST SUCCESSFUL ### 

10/30/2022 11:25:28 PM - UsersTests - INFO: Testing... 02
10/30/2022 11:25:34 PM - TestStatus - INFO: ### VERIFICATION SUCCESSFUL :: check google search engine opened 02
10/30/2022 11:25:34 PM - TestStatus - INFO: Verify google search engine 02
 ### TEST SUCCESSFUL ### 

10/31/2022 09:13:57 PM - UsersTests - INFO: Testing... 01
10/31/2022 09:14:05 PM - TestStatus - INFO: ### VERIFICATION SUCCESSFUL :: check google search engine opened 01
10/31/2022 09:14:05 PM - TestStatus - INFO: Verify google search engine 01
 ### TEST SUCCESSFUL ### 

10/31/2022 09:14:05 PM - UsersTests - INFO: Testing... 02
10/31/2022 09:14:12 PM - TestStatus - INFO: ### VERIFICATION SUCCESSFUL :: check google search engine opened 02
10/31/2022 09:14:12 PM - TestStatus - INFO: Verify google search engine 02
 ### TEST SUCCESSFUL ### 

10/31/2022 09:15:34 PM - UsersTests - INFO: Testing... google
10/31/2022 09:15:44 PM - TestStatus - INFO: ### VERIFICATION SUCCESSFUL :: check google search engine opened
10/31/2022 09:15:44 PM - TestStatus - INFO: Verify google search engine
 ### TEST SUCCESSFUL ### 

10/31/2022 09:15:44 PM - UsersTests - INFO: Testing... youtube
10/31/2022 09:15:59 PM - TestStatus - INFO: ### VERIFICATION SUCCESSFUL :: check youtube opened
10/31/2022 09:15:59 PM - TestStatus - INFO: Verify youtube
 ### TEST SUCCESSFUL ### 

10/31/2022 09:16:25 PM - UsersTests - INFO: Testing... google
10/31/2022 09:16:33 PM - TestStatus - INFO: ### VERIFICATION SUCCESSFUL :: check google search engine opened
10/31/2022 09:16:33 PM - TestStatus - INFO: Verify google search engine
 ### TEST SUCCESSFUL ### 

10/31/2022 09:16:33 PM - UsersTests - INFO: Testing... youtube
10/31/2022 09:16:50 PM - TestStatus - INFO: ### VERIFICATION SUCCESSFUL :: check youtube opened
10/31/2022 09:16:50 PM - TestStatus - INFO: Verify youtube
 ### TEST SUCCESSFUL ### 

